2020-04-29 16:09:23.056359 - INFO - Successfully opened and read data from stocks.csv
2020-04-29 16:09:23.057335 - INFO - Adding Stock: JPM to data dictionary.
2020-04-29 16:09:23.057335 - INFO - Adding Stock: F to data dictionary.
2020-04-29 16:09:23.057335 - INFO - Stock: JPM already exists in data dictionary, appending information accordingly.
2020-04-29 16:09:23.058333 - INFO - Adding Stock: DIS to data dictionary.
2020-04-29 16:09:23.058333 - INFO - Adding Stock: DAL to data dictionary.
2020-04-29 16:09:23.058333 - INFO - Adding Stock: AXP to data dictionary.
2020-04-29 16:09:23.060361 - INFO - Adding Stock: V to data dictionary.
2020-04-29 16:09:23.060361 - INFO - Stock: DIS already exists in data dictionary, appending information accordingly.
2020-04-29 16:09:23.061323 - INFO - Stock: DAL already exists in data dictionary, appending information accordingly.
2020-04-29 16:09:23.061323 - INFO - Stock: AXP already exists in data dictionary, appending information accordingly.
2020-04-29 16:09:23.061323 - INFO - Adding Stock: AAPL to data dictionary.
2020-04-29 16:09:23.062320 - INFO - Adding Stock: GS to data dictionary.
2020-04-29 16:09:23.062320 - INFO - Adding Stock: VTI to data dictionary.
2020-04-29 16:09:23.063332 - INFO - Stock: DAL already exists in data dictionary, appending information accordingly.
2020-04-29 16:09:23.063332 - INFO - Stock: JPM already exists in data dictionary, appending information accordingly.
2020-04-29 16:09:23.063332 - INFO - Stock: V already exists in data dictionary, appending information accordingly.
2020-04-29 16:09:23.063332 - INFO - Stock: F already exists in data dictionary, appending information accordingly.
2020-04-29 16:09:23.064317 - INFO - Stock: DAL already exists in data dictionary, appending information accordingly.
2020-04-29 16:09:23.064317 - INFO - Stock: AXP already exists in data dictionary, appending information accordingly.
2020-04-29 16:09:23.064317 - INFO - Adding Stock: SBUX to data dictionary.
2020-04-29 16:09:23.065314 - INFO - Stock: SBUX already exists in data dictionary, appending information accordingly.
2020-04-29 16:09:23.065314 - INFO - VWAP calculated successfully for Stock: JPM
2020-04-29 16:09:23.065314 - INFO - VWAP calculated successfully for Stock: F
2020-04-29 16:09:23.065314 - INFO - VWAP calculated successfully for Stock: DIS
2020-04-29 16:09:23.066310 - INFO - VWAP calculated successfully for Stock: DAL
2020-04-29 16:09:23.066310 - INFO - VWAP calculated successfully for Stock: AXP
2020-04-29 16:09:23.066310 - INFO - VWAP calculated successfully for Stock: V
2020-04-29 16:09:23.067308 - INFO - VWAP calculated successfully for Stock: AAPL
2020-04-29 16:09:23.067308 - INFO - VWAP calculated successfully for Stock: GS
2020-04-29 16:09:23.067308 - INFO - VWAP calculated successfully for Stock: VTI
2020-04-29 16:09:23.067308 - INFO - VWAP calculated successfully for Stock: SBUX
2020-04-29 16:09:23.843569 - INFO - Getting Stock data for: DAL
2020-04-29 16:09:24.000510 - INFO - Getting Stock data for: GS
2020-04-29 16:09:24.015470 - INFO - Getting Stock data for: AAPL
2020-04-29 16:09:24.026463 - INFO - Getting Stock data for: DIS
2020-04-29 16:09:24.033447 - INFO - Getting Stock data for: SBUX
2020-04-29 16:09:24.042399 - INFO - Getting Stock data for: F
2020-04-29 16:09:24.259115 - INFO - Getting Stock data for: V
2020-04-29 16:09:24.265121 - INFO - Getting Stock data for: AXP
2020-04-29 16:09:24.273115 - INFO - Getting Stock data for: VTI
2020-04-29 16:09:24.278092 - INFO - Getting Stock data for: JPM
2020-04-29 16:09:24.360332 - INFO - Email is enabled - preparing to send.
2020-04-29 16:20:10.922050 - INFO - Successfully opened and read data from stocks.csv
2020-04-29 16:20:10.922050 - INFO - Adding Stock: JPM to data dictionary.
2020-04-29 16:20:10.922050 - INFO - Adding Stock: F to data dictionary.
2020-04-29 16:20:10.923047 - INFO - Stock: JPM already exists in data dictionary, appending information accordingly.
2020-04-29 16:20:10.923047 - INFO - Adding Stock: DIS to data dictionary.
2020-04-29 16:20:10.923047 - INFO - Adding Stock: DAL to data dictionary.
2020-04-29 16:20:10.924045 - INFO - Adding Stock: AXP to data dictionary.
2020-04-29 16:20:10.924045 - INFO - Adding Stock: V to data dictionary.
2020-04-29 16:20:10.924045 - INFO - Stock: DIS already exists in data dictionary, appending information accordingly.
2020-04-29 16:20:10.924045 - INFO - Stock: DAL already exists in data dictionary, appending information accordingly.
2020-04-29 16:20:10.925154 - INFO - Stock: AXP already exists in data dictionary, appending information accordingly.
2020-04-29 16:20:10.925154 - INFO - Adding Stock: AAPL to data dictionary.
2020-04-29 16:20:10.925154 - INFO - Adding Stock: GS to data dictionary.
2020-04-29 16:20:10.926179 - INFO - Adding Stock: VTI to data dictionary.
2020-04-29 16:20:10.926179 - INFO - Stock: DAL already exists in data dictionary, appending information accordingly.
2020-04-29 16:20:10.926179 - INFO - Stock: JPM already exists in data dictionary, appending information accordingly.
2020-04-29 16:20:10.926179 - INFO - Stock: V already exists in data dictionary, appending information accordingly.
2020-04-29 16:20:10.927149 - INFO - Stock: F already exists in data dictionary, appending information accordingly.
2020-04-29 16:20:10.927149 - INFO - Stock: DAL already exists in data dictionary, appending information accordingly.
2020-04-29 16:20:10.927149 - INFO - Stock: AXP already exists in data dictionary, appending information accordingly.
2020-04-29 16:20:10.928146 - INFO - Adding Stock: SBUX to data dictionary.
2020-04-29 16:20:10.928146 - INFO - Stock: SBUX already exists in data dictionary, appending information accordingly.
2020-04-29 16:20:10.928146 - INFO - VWAP calculated successfully for Stock: JPM
2020-04-29 16:20:10.928146 - INFO - VWAP calculated successfully for Stock: F
2020-04-29 16:20:10.929143 - INFO - VWAP calculated successfully for Stock: DIS
2020-04-29 16:20:10.929143 - INFO - VWAP calculated successfully for Stock: DAL
2020-04-29 16:20:10.929143 - INFO - VWAP calculated successfully for Stock: AXP
2020-04-29 16:20:10.930141 - INFO - VWAP calculated successfully for Stock: V
2020-04-29 16:20:10.930141 - INFO - VWAP calculated successfully for Stock: AAPL
2020-04-29 16:20:10.930141 - INFO - VWAP calculated successfully for Stock: GS
2020-04-29 16:20:10.931162 - INFO - VWAP calculated successfully for Stock: VTI
2020-04-29 16:20:10.931162 - INFO - VWAP calculated successfully for Stock: SBUX
2020-04-29 16:20:11.667253 - INFO - Getting Stock data for: DIS
2020-04-29 16:20:11.807854 - INFO - Getting Stock data for: VTI
2020-04-29 16:20:11.826804 - INFO - Getting Stock data for: V
2020-04-29 16:20:11.851737 - INFO - Getting Stock data for: F
2020-04-29 16:20:11.883652 - INFO - Getting Stock data for: SBUX
2020-04-29 16:20:11.959471 - INFO - Getting Stock data for: JPM
2020-04-29 16:20:11.968425 - INFO - Getting Stock data for: AXP
2020-04-29 16:20:11.977431 - INFO - Getting Stock data for: DAL
2020-04-29 16:20:12.032284 - INFO - Getting Stock data for: AAPL
2020-04-29 16:20:12.317020 - INFO - Getting Stock data for: GS
2020-04-29 16:20:12.382249 - INFO - Email is enabled - preparing to send.
2020-04-29 16:20:13.427637 - INFO - Email successfully sent to: justin.vega27@gmail.com
2020-04-29 16:24:17.929391 - INFO - Successfully opened and read data from stocks.csv
2020-04-29 16:24:17.930391 - INFO - Adding Stock: JPM to data dictionary.
2020-04-29 16:24:17.930391 - INFO - Adding Stock: F to data dictionary.
2020-04-29 16:24:17.930391 - INFO - Stock: JPM already exists in data dictionary, appending information accordingly.
2020-04-29 16:24:17.930391 - INFO - Adding Stock: DIS to data dictionary.
2020-04-29 16:24:17.931387 - INFO - Adding Stock: DAL to data dictionary.
2020-04-29 16:24:17.931387 - INFO - Adding Stock: AXP to data dictionary.
2020-04-29 16:24:17.931387 - INFO - Adding Stock: V to data dictionary.
2020-04-29 16:24:17.932384 - INFO - Stock: DIS already exists in data dictionary, appending information accordingly.
2020-04-29 16:24:17.932384 - INFO - Stock: DAL already exists in data dictionary, appending information accordingly.
2020-04-29 16:24:17.932384 - INFO - Stock: AXP already exists in data dictionary, appending information accordingly.
2020-04-29 16:24:17.933381 - INFO - Adding Stock: AAPL to data dictionary.
2020-04-29 16:24:17.933381 - INFO - Adding Stock: GS to data dictionary.
2020-04-29 16:24:17.933381 - INFO - Adding Stock: VTI to data dictionary.
2020-04-29 16:24:17.933381 - INFO - Stock: DAL already exists in data dictionary, appending information accordingly.
2020-04-29 16:24:17.934379 - INFO - Stock: JPM already exists in data dictionary, appending information accordingly.
2020-04-29 16:24:17.934379 - INFO - Stock: V already exists in data dictionary, appending information accordingly.
2020-04-29 16:24:17.935375 - INFO - Stock: F already exists in data dictionary, appending information accordingly.
2020-04-29 16:24:17.935375 - INFO - Stock: DAL already exists in data dictionary, appending information accordingly.
2020-04-29 16:24:17.935375 - INFO - Stock: AXP already exists in data dictionary, appending information accordingly.
2020-04-29 16:24:17.936373 - INFO - Adding Stock: SBUX to data dictionary.
2020-04-29 16:24:17.936373 - INFO - Stock: SBUX already exists in data dictionary, appending information accordingly.
2020-04-29 16:24:17.936373 - INFO - VWAP calculated successfully for Stock: JPM
2020-04-29 16:24:17.937370 - INFO - VWAP calculated successfully for Stock: F
2020-04-29 16:24:17.937370 - INFO - VWAP calculated successfully for Stock: DIS
2020-04-29 16:24:17.938367 - INFO - VWAP calculated successfully for Stock: DAL
2020-04-29 16:24:17.938367 - INFO - VWAP calculated successfully for Stock: AXP
2020-04-29 16:24:17.938367 - INFO - VWAP calculated successfully for Stock: V
2020-04-29 16:24:17.939365 - INFO - VWAP calculated successfully for Stock: AAPL
2020-04-29 16:24:17.939365 - INFO - VWAP calculated successfully for Stock: GS
2020-04-29 16:24:17.939365 - INFO - VWAP calculated successfully for Stock: VTI
2020-04-29 16:24:17.940362 - INFO - VWAP calculated successfully for Stock: SBUX
2020-04-29 16:24:18.835254 - INFO - Getting Stock data for: GS
2020-04-29 16:24:18.940970 - INFO - Getting Stock data for: V
2020-04-29 16:24:18.948949 - INFO - Getting Stock data for: AXP
2020-04-29 16:24:18.955930 - INFO - Getting Stock data for: DIS
2020-04-29 16:24:18.961914 - INFO - Getting Stock data for: SBUX
2020-04-29 16:24:18.970891 - INFO - Getting Stock data for: F
2020-04-29 16:24:18.977871 - INFO - Getting Stock data for: VTI
2020-04-29 16:24:18.984853 - INFO - Getting Stock data for: JPM
2020-04-29 16:24:19.016769 - INFO - Getting Stock data for: AAPL
2020-04-29 16:24:19.060671 - INFO - Getting Stock data for: DAL
2020-04-29 16:24:40.393768 - INFO - Successfully opened and read data from stocks.csv
2020-04-29 16:24:40.393768 - INFO - Adding Stock: JPM to data dictionary.
2020-04-29 16:24:40.394746 - INFO - Adding Stock: F to data dictionary.
2020-04-29 16:24:40.394746 - INFO - Stock: JPM already exists in data dictionary, appending information accordingly.
2020-04-29 16:24:40.394746 - INFO - Adding Stock: DIS to data dictionary.
2020-04-29 16:24:40.395743 - INFO - Adding Stock: DAL to data dictionary.
2020-04-29 16:24:40.395743 - INFO - Adding Stock: AXP to data dictionary.
2020-04-29 16:24:40.395743 - INFO - Adding Stock: V to data dictionary.
2020-04-29 16:24:40.396740 - INFO - Stock: DIS already exists in data dictionary, appending information accordingly.
2020-04-29 16:24:40.396740 - INFO - Stock: DAL already exists in data dictionary, appending information accordingly.
2020-04-29 16:24:40.396740 - INFO - Stock: AXP already exists in data dictionary, appending information accordingly.
2020-04-29 16:24:40.396740 - INFO - Adding Stock: AAPL to data dictionary.
2020-04-29 16:24:40.397738 - INFO - Adding Stock: GS to data dictionary.
2020-04-29 16:24:40.397738 - INFO - Adding Stock: VTI to data dictionary.
2020-04-29 16:24:40.397738 - INFO - Stock: DAL already exists in data dictionary, appending information accordingly.
2020-04-29 16:24:40.398735 - INFO - Stock: JPM already exists in data dictionary, appending information accordingly.
2020-04-29 16:24:40.398735 - INFO - Stock: V already exists in data dictionary, appending information accordingly.
2020-04-29 16:24:40.398735 - INFO - Stock: F already exists in data dictionary, appending information accordingly.
2020-04-29 16:24:40.398735 - INFO - Stock: DAL already exists in data dictionary, appending information accordingly.
2020-04-29 16:24:40.399732 - INFO - Stock: AXP already exists in data dictionary, appending information accordingly.
2020-04-29 16:24:40.399732 - INFO - Adding Stock: SBUX to data dictionary.
2020-04-29 16:24:40.399732 - INFO - Stock: SBUX already exists in data dictionary, appending information accordingly.
2020-04-29 16:24:40.400730 - INFO - VWAP calculated successfully for Stock: JPM
2020-04-29 16:24:40.400730 - INFO - VWAP calculated successfully for Stock: F
2020-04-29 16:24:40.400730 - INFO - VWAP calculated successfully for Stock: DIS
2020-04-29 16:24:40.400730 - INFO - VWAP calculated successfully for Stock: DAL
2020-04-29 16:24:40.401727 - INFO - VWAP calculated successfully for Stock: AXP
2020-04-29 16:24:40.401727 - INFO - VWAP calculated successfully for Stock: V
2020-04-29 16:24:40.401727 - INFO - VWAP calculated successfully for Stock: AAPL
2020-04-29 16:24:40.402725 - INFO - VWAP calculated successfully for Stock: GS
2020-04-29 16:24:40.402725 - INFO - VWAP calculated successfully for Stock: VTI
2020-04-29 16:24:40.402725 - INFO - VWAP calculated successfully for Stock: SBUX
2020-04-29 16:24:41.165322 - INFO - Getting Stock data for: F
2020-04-29 16:24:41.325892 - INFO - Getting Stock data for: DAL
2020-04-29 16:24:41.373764 - INFO - Getting Stock data for: VTI
2020-04-29 16:24:41.385732 - INFO - Getting Stock data for: DIS
2020-04-29 16:24:41.389721 - INFO - Getting Stock data for: GS
2020-04-29 16:24:41.408671 - INFO - Getting Stock data for: SBUX
2020-04-29 16:24:41.424656 - INFO - Getting Stock data for: AXP
2020-04-29 16:24:41.430612 - INFO - Getting Stock data for: JPM
2020-04-29 16:24:41.446571 - INFO - Getting Stock data for: V
2020-04-29 16:24:48.401437 - INFO - Email is enabled - preparing to send.
2020-04-29 16:24:49.421374 - INFO - Email successfully sent to: justin.vega27@gmail.com
2020-04-29 16:25:10.608951 - INFO - Successfully opened and read data from stocks.csv
2020-04-29 16:25:10.608951 - INFO - Adding Stock: JPM to data dictionary.
2020-04-29 16:25:10.609928 - INFO - Adding Stock: F to data dictionary.
2020-04-29 16:25:10.609928 - INFO - Stock: JPM already exists in data dictionary, appending information accordingly.
2020-04-29 16:25:10.609928 - INFO - Adding Stock: DIS to data dictionary.
2020-04-29 16:25:10.609928 - INFO - Adding Stock: DAL to data dictionary.
2020-04-29 16:25:10.610956 - INFO - Adding Stock: AXP to data dictionary.
2020-04-29 16:25:10.610956 - INFO - Adding Stock: V to data dictionary.
2020-04-29 16:25:10.611943 - INFO - Stock: DIS already exists in data dictionary, appending information accordingly.
2020-04-29 16:25:10.611943 - INFO - Stock: DAL already exists in data dictionary, appending information accordingly.
2020-04-29 16:25:10.611943 - INFO - Stock: AXP already exists in data dictionary, appending information accordingly.
2020-04-29 16:25:10.611943 - INFO - Adding Stock: AAPL to data dictionary.
2020-04-29 16:25:10.612921 - INFO - Adding Stock: GS to data dictionary.
2020-04-29 16:25:10.612921 - INFO - Adding Stock: VTI to data dictionary.
2020-04-29 16:25:10.612921 - INFO - Stock: DAL already exists in data dictionary, appending information accordingly.
2020-04-29 16:25:10.613918 - INFO - Stock: JPM already exists in data dictionary, appending information accordingly.
2020-04-29 16:25:10.613918 - INFO - Stock: V already exists in data dictionary, appending information accordingly.
2020-04-29 16:25:10.613918 - INFO - Stock: F already exists in data dictionary, appending information accordingly.
2020-04-29 16:25:10.614915 - INFO - Stock: DAL already exists in data dictionary, appending information accordingly.
2020-04-29 16:25:10.614915 - INFO - Stock: AXP already exists in data dictionary, appending information accordingly.
2020-04-29 16:25:10.614915 - INFO - Adding Stock: SBUX to data dictionary.
2020-04-29 16:25:10.615913 - INFO - Stock: SBUX already exists in data dictionary, appending information accordingly.
2020-04-29 16:25:10.615913 - INFO - VWAP calculated successfully for Stock: JPM
2020-04-29 16:25:10.615913 - INFO - VWAP calculated successfully for Stock: F
2020-04-29 16:25:10.615913 - INFO - VWAP calculated successfully for Stock: DIS
2020-04-29 16:25:10.616910 - INFO - VWAP calculated successfully for Stock: DAL
2020-04-29 16:25:10.616910 - INFO - VWAP calculated successfully for Stock: AXP
2020-04-29 16:25:10.617921 - INFO - VWAP calculated successfully for Stock: V
2020-04-29 16:25:10.617921 - INFO - VWAP calculated successfully for Stock: AAPL
2020-04-29 16:25:10.617921 - INFO - VWAP calculated successfully for Stock: GS
2020-04-29 16:25:10.617921 - INFO - VWAP calculated successfully for Stock: VTI
2020-04-29 16:25:10.618905 - INFO - VWAP calculated successfully for Stock: SBUX
2020-04-29 16:25:11.491928 - INFO - Getting Stock data for: F
2020-04-29 16:25:11.509880 - INFO - Getting Stock data for: VTI
2020-04-29 16:25:11.528830 - INFO - Getting Stock data for: DIS
2020-04-29 16:25:11.535811 - INFO - Getting Stock data for: JPM
2020-04-29 16:25:11.540798 - INFO - Getting Stock data for: GS
2020-04-29 16:25:11.546812 - INFO - Getting Stock data for: SBUX
2020-04-29 16:25:11.551768 - INFO - Getting Stock data for: V
2020-04-29 16:25:11.583684 - INFO - Getting Stock data for: AXP
2020-04-29 16:25:11.630576 - INFO - Getting Stock data for: DAL
2020-04-29 16:25:11.811175 - INFO - Getting Stock data for: AAPL
2020-04-29 16:25:11.878975 - INFO - Email is enabled - preparing to send.
2020-04-29 16:25:12.734082 - INFO - Email successfully sent to: justin.vega27@gmail.com
2020-04-29 16:26:36.598548 - INFO - Successfully opened and read data from stocks.csv
2020-04-29 16:26:36.598548 - INFO - Adding Stock: JPM to data dictionary.
2020-04-29 16:26:36.599540 - INFO - Adding Stock: F to data dictionary.
2020-04-29 16:26:36.599540 - INFO - Stock: JPM already exists in data dictionary, appending information accordingly.
2020-04-29 16:26:36.599540 - INFO - Adding Stock: DIS to data dictionary.
2020-04-29 16:26:36.600523 - INFO - Adding Stock: DAL to data dictionary.
2020-04-29 16:26:36.600523 - INFO - Adding Stock: AXP to data dictionary.
2020-04-29 16:26:36.600523 - INFO - Adding Stock: V to data dictionary.
2020-04-29 16:26:36.601542 - INFO - Stock: DIS already exists in data dictionary, appending information accordingly.
2020-04-29 16:26:36.601542 - INFO - Stock: DAL already exists in data dictionary, appending information accordingly.
2020-04-29 16:26:36.601542 - INFO - Stock: AXP already exists in data dictionary, appending information accordingly.
2020-04-29 16:26:36.602519 - INFO - Adding Stock: AAPL to data dictionary.
2020-04-29 16:26:36.602519 - INFO - Adding Stock: GS to data dictionary.
2020-04-29 16:26:36.602519 - INFO - Adding Stock: VTI to data dictionary.
2020-04-29 16:26:36.603515 - INFO - Stock: DAL already exists in data dictionary, appending information accordingly.
2020-04-29 16:26:36.603515 - INFO - Stock: JPM already exists in data dictionary, appending information accordingly.
2020-04-29 16:26:36.603515 - INFO - Stock: V already exists in data dictionary, appending information accordingly.
2020-04-29 16:26:36.604537 - INFO - Stock: F already exists in data dictionary, appending information accordingly.
2020-04-29 16:26:36.604537 - INFO - Stock: DAL already exists in data dictionary, appending information accordingly.
2020-04-29 16:26:36.604537 - INFO - Stock: AXP already exists in data dictionary, appending information accordingly.
2020-04-29 16:26:36.605510 - INFO - Adding Stock: SBUX to data dictionary.
2020-04-29 16:26:36.605510 - INFO - Stock: SBUX already exists in data dictionary, appending information accordingly.
2020-04-29 16:26:36.605510 - INFO - VWAP calculated successfully for Stock: JPM
2020-04-29 16:26:36.606507 - INFO - VWAP calculated successfully for Stock: F
2020-04-29 16:26:36.606507 - INFO - VWAP calculated successfully for Stock: DIS
2020-04-29 16:26:36.606507 - INFO - VWAP calculated successfully for Stock: DAL
2020-04-29 16:26:36.607505 - INFO - VWAP calculated successfully for Stock: AXP
2020-04-29 16:26:36.607505 - INFO - VWAP calculated successfully for Stock: V
2020-04-29 16:26:36.607505 - INFO - VWAP calculated successfully for Stock: AAPL
2020-04-29 16:26:36.608501 - INFO - VWAP calculated successfully for Stock: GS
2020-04-29 16:26:36.608501 - INFO - VWAP calculated successfully for Stock: VTI
2020-04-29 16:26:36.608501 - INFO - VWAP calculated successfully for Stock: SBUX
2020-04-29 16:26:37.480025 - INFO - Getting Stock data for: VTI
2020-04-29 16:26:37.599705 - INFO - Getting Stock data for: JPM
2020-04-29 16:26:37.627630 - INFO - Getting Stock data for: DAL
2020-04-29 16:26:37.644585 - INFO - Getting Stock data for: SBUX
2020-04-29 16:26:37.651566 - INFO - Getting Stock data for: AXP
2020-04-29 16:26:37.658547 - INFO - Getting Stock data for: F
2020-04-29 16:26:37.663534 - INFO - Getting Stock data for: DIS
2020-04-29 16:26:37.672510 - INFO - Getting Stock data for: GS
2020-04-29 16:26:37.678517 - INFO - Getting Stock data for: AAPL
2020-04-29 16:26:37.683480 - INFO - Getting Stock data for: V
2020-04-29 16:26:37.749329 - INFO - Email is enabled - preparing to send.
2020-04-29 16:26:38.745855 - INFO - Email successfully sent to: justin.vega27@gmail.com, judebarakat99@gmail.com
